<?xml version="1.0" encoding="UTF-8"?>
<testng-results skipped="0" failed="0" ignored="0" total="1" passed="1">
  <reporter-output>
    <line>
      <![CDATA[Basavaraj Thilagar]]>
    </line>
    <line>
      <![CDATA[This is a test mail sent from Jenkins]]>
    </line>
  </reporter-output>
  <suite name="FALCA E-Solutions" duration-ms="28434" started-at="2020-03-17T03:08:51Z" finished-at="2020-03-17T03:09:20Z">
    <groups>
    </groups>
    <test name="FALCA" duration-ms="28434" started-at="2020-03-17T03:08:51Z" finished-at="2020-03-17T03:09:20Z">
      <class name="Script.jenkin">
        <test-method status="PASS" signature="openApplication()[pri:0, instance:Script.jenkin@13a57a3b]" name="openApplication" is-config="true" duration-ms="15964" started-at="2020-03-17T03:08:51Z" finished-at="2020-03-17T03:09:07Z">
          <reporter-output>
          </reporter-output>
        </test-method> <!-- openApplication -->
        <test-method status="PASS" signature="google()[pri:0, instance:Script.jenkin@13a57a3b]" name="google" duration-ms="11543" started-at="2020-03-17T03:09:07Z" finished-at="2020-03-17T03:09:19Z">
          <reporter-output>
            <line>
              <![CDATA[Basavaraj Thilagar]]>
            </line>
            <line>
              <![CDATA[This is a test mail sent from Jenkins]]>
            </line>
          </reporter-output>
        </test-method> <!-- google -->
        <test-method status="PASS" signature="closeApplication()[pri:0, instance:Script.jenkin@13a57a3b]" name="closeApplication" is-config="true" duration-ms="851" started-at="2020-03-17T03:09:19Z" finished-at="2020-03-17T03:09:20Z">
          <reporter-output>
          </reporter-output>
        </test-method> <!-- closeApplication -->
      </class> <!-- Script.jenkin -->
    </test> <!-- FALCA -->
  </suite> <!-- FALCA E-Solutions -->
</testng-results>
