<?xml version="1.0" encoding="UTF-8"?>
<testsuite xmlns:xsi="http://www.w3.org/2001/XMLSchema-instance" xsi:noNamespaceSchemaLocation="https://maven.apache.org/surefire/maven-surefire-plugin/xsd/surefire-test-report-3.0.xsd" version="3.0" name="TestSuite" time="94.83" tests="1" errors="0" skipped="0" failures="1">
  <properties>
[...]
</properties>
  <testcase name="FarmerRegistration" classname="Script.mobile" time="77.572">
    <failure message="Unable to create a new remote session. Please check the server log for more details. Original error: An unknown server-side error occurred while processing the command. Original error: Error occured while starting AndroidBootstrap. Original error: Error: Error executing adbExec. Original error: &apos;Command &apos;C\:\\Users\\Temp.PALC-E470-PG00W\\AppData\\Local\\Android\\Sdk\\platform-tools\\adb.exe -P 5037 -s 172.27.1.68\:5555 push C\:\\Users\\Temp.PALC-E470-PG00W\\AppData\\Local\\Programs\\Appium\\resources\\app\\node_modules\\appium\\node_modules\\appium-android-driver\\bootstrap\\bin\\AppiumBootstrap.jar /data/local/tmp/&apos; timed out after 20000ms&apos;. Try to increase the 20000ms adb execution timeout represented by &apos;adbExecTimeout&apos; capability&#10;Build info: version: &apos;3.141.59&apos;, revision: &apos;e82be7d358&apos;, time: &apos;2018-11-14T08:17:03&apos;&#10;System info: host: &apos;PALC-E470-PG00W&apos;, ip: &apos;192.168.220.2&apos;, os.name: &apos;Windows 10&apos;, os.arch: &apos;amd64&apos;, os.version: &apos;10.0&apos;, java.version: &apos;1.8.0_161&apos;&#10;Driver info: driver.version: AndroidDriver&#10;remote stacktrace: UnknownError: An unknown server-side error occurred while processing the command. Original error: Error occured while starting AndroidBootstrap. Original error: Error: Error executing adbExec. Original error: &apos;Command &apos;C\:\\Users\\Temp.PALC-E470-PG00W\\AppData\\Local\\Android\\Sdk\\platform-tools\\adb.exe -P 5037 -s 172.27.1.68\:5555 push C\:\\Users\\Temp.PALC-E470-PG00W\\AppData\\Local\\Programs\\Appium\\resources\\app\\node_modules\\appium\\node_modules\\appium-android-driver\\bootstrap\\bin\\AppiumBootstrap.jar /data/local/tmp/&apos; timed out after 20000ms&apos;. Try to increase the 20000ms adb execution timeout represented by &apos;adbExecTimeout&apos; capability&#10;    at getResponseForW3CError (C:\Users\Temp.PALC-E470-PG00W\AppData\Local\Programs\Appium\resources\app\node_modules\appium\node_modules\appium-base-driver\lib\protocol\errors.js:826:9)&#10;    at asyncHandler (C:\Users\Temp.PALC-E470-PG00W\AppData\Local\Programs\Appium\resources\app\node_modules\appium\node_modules\appium-base-driver\lib\protocol\protocol.js:447:37)&#10;    at process._tickCallback (internal/process/next_tick.js:68:7)&#10;Build info: version: &apos;3.141.59&apos;, revision: &apos;e82be7d358&apos;, time: &apos;2018-11-14T08:17:03&apos;&#10;System info: host: &apos;PALC-E470-PG00W&apos;, ip: &apos;192.168.220.2&apos;, os.name: &apos;Windows 10&apos;, os.arch: &apos;amd64&apos;, os.version: &apos;10.0&apos;, java.version: &apos;1.8.0_161&apos;&#10;Driver info: driver.version: AndroidDriver" type="org.openqa.selenium.SessionNotCreatedException">org.openqa.selenium.SessionNotCreatedException: 
Unable to create a new remote session. Please check the server log for more details. Original error: An unknown server-side error occurred while processing the command. Original error: Error occured while starting AndroidBootstrap. Original error: Error: Error executing adbExec. Original error: 'Command 'C\:\\Users\\Temp.PALC-E470-PG00W\\AppData\\Local\\Android\\Sdk\\platform-tools\\adb.exe -P 5037 -s 172.27.1.68\:5555 push C\:\\Users\\Temp.PALC-E470-PG00W\\AppData\\Local\\Programs\\Appium\\resources\\app\\node_modules\\appium\\node_modules\\appium-android-driver\\bootstrap\\bin\\AppiumBootstrap.jar /data/local/tmp/' timed out after 20000ms'. Try to increase the 20000ms adb execution timeout represented by 'adbExecTimeout' capability
Build info: version: '3.141.59', revision: 'e82be7d358', time: '2018-11-14T08:17:03'
System info: host: 'PALC-E470-PG00W', ip: '192.168.220.2', os.name: 'Windows 10', os.arch: 'amd64', os.version: '10.0', java.version: '1.8.0_161'
Driver info: driver.version: AndroidDriver
remote stacktrace: UnknownError: An unknown server-side error occurred while processing the command. Original error: Error occured while starting AndroidBootstrap. Original error: Error: Error executing adbExec. Original error: 'Command 'C\:\\Users\\Temp.PALC-E470-PG00W\\AppData\\Local\\Android\\Sdk\\platform-tools\\adb.exe -P 5037 -s 172.27.1.68\:5555 push C\:\\Users\\Temp.PALC-E470-PG00W\\AppData\\Local\\Programs\\Appium\\resources\\app\\node_modules\\appium\\node_modules\\appium-android-driver\\bootstrap\\bin\\AppiumBootstrap.jar /data/local/tmp/' timed out after 20000ms'. Try to increase the 20000ms adb execution timeout represented by 'adbExecTimeout' capability
    at getResponseForW3CError (C:\Users\Temp.PALC-E470-PG00W\AppData\Local\Programs\Appium\resources\app\node_modules\appium\node_modules\appium-base-driver\lib\protocol\errors.js:826:9)
    at asyncHandler (C:\Users\Temp.PALC-E470-PG00W\AppData\Local\Programs\Appium\resources\app\node_modules\appium\node_modules\appium-base-driver\lib\protocol\protocol.js:447:37)
    at process._tickCallback (internal/process/next_tick.js:68:7)
Build info: version: '3.141.59', revision: 'e82be7d358', time: '2018-11-14T08:17:03'
System info: host: 'PALC-E470-PG00W', ip: '192.168.220.2', os.name: 'Windows 10', os.arch: 'amd64', os.version: '10.0', java.version: '1.8.0_161'
Driver info: driver.version: AndroidDriver
	at Script.mobile.FarmerRegistration(mobile.java:27)
Caused by: java.lang.reflect.InvocationTargetException
	at Script.mobile.FarmerRegistration(mobile.java:27)
Caused by: org.openqa.selenium.WebDriverException: 
An unknown server-side error occurred while processing the command. Original error: Error occured while starting AndroidBootstrap. Original error: Error: Error executing adbExec. Original error: 'Command 'C\:\\Users\\Temp.PALC-E470-PG00W\\AppData\\Local\\Android\\Sdk\\platform-tools\\adb.exe -P 5037 -s 172.27.1.68\:5555 push C\:\\Users\\Temp.PALC-E470-PG00W\\AppData\\Local\\Programs\\Appium\\resources\\app\\node_modules\\appium\\node_modules\\appium-android-driver\\bootstrap\\bin\\AppiumBootstrap.jar /data/local/tmp/' timed out after 20000ms'. Try to increase the 20000ms adb execution timeout represented by 'adbExecTimeout' capability
Build info: version: '3.141.59', revision: 'e82be7d358', time: '2018-11-14T08:17:03'
System info: host: 'PALC-E470-PG00W', ip: '192.168.220.2', os.name: 'Windows 10', os.arch: 'amd64', os.version: '10.0', java.version: '1.8.0_161'
Driver info: driver.version: AndroidDriver
remote stacktrace: UnknownError: An unknown server-side error occurred while processing the command. Original error: Error occured while starting AndroidBootstrap. Original error: Error: Error executing adbExec. Original error: 'Command 'C\:\\Users\\Temp.PALC-E470-PG00W\\AppData\\Local\\Android\\Sdk\\platform-tools\\adb.exe -P 5037 -s 172.27.1.68\:5555 push C\:\\Users\\Temp.PALC-E470-PG00W\\AppData\\Local\\Programs\\Appium\\resources\\app\\node_modules\\appium\\node_modules\\appium-android-driver\\bootstrap\\bin\\AppiumBootstrap.jar /data/local/tmp/' timed out after 20000ms'. Try to increase the 20000ms adb execution timeout represented by 'adbExecTimeout' capability
    at getResponseForW3CError (C:\Users\Temp.PALC-E470-PG00W\AppData\Local\Programs\Appium\resources\app\node_modules\appium\node_modules\appium-base-driver\lib\protocol\errors.js:826:9)
    at asyncHandler (C:\Users\Temp.PALC-E470-PG00W\AppData\Local\Programs\Appium\resources\app\node_modules\appium\node_modules\appium-base-driver\lib\protocol\protocol.js:447:37)
    at process._tickCallback (internal/process/next_tick.js:68:7)
	at Script.mobile.FarmerRegistration(mobile.java:27)
</failure>
    <system-out><![CDATA[entered webbase
Driver opened and max
Entered inside mobile class
]]></system-out>
    <system-err><![CDATA[Starting ChromeDriver 76.0.3809.68 (420c9498db8ce8fcd190a954d51297672c1515d5-refs/branch-heads/3809@{#864}) on port 21386
Only local connections are allowed.
Please protect ports used by ChromeDriver and related test frameworks to prevent access by malicious code.
[1569481750.516][WARNING]: This version of ChromeDriver has not been tested with Chrome version 77.
[1569481752.535][WARNING]: Timed out connecting to Chrome, retrying...
Sep 26, 2019 12:39:14 PM org.openqa.selenium.remote.ProtocolHandshake createSession
INFO: Detected dialect: W3C
[1569481756.709][WARNING]: Timed out connecting to Chrome, retrying...
]]></system-err>
  </testcase>
</testsuite>