<?xml version="1.0" encoding="UTF-8"?>
<!-- Generated by org.testng.reporters.JUnitXMLReporter -->
<testsuite hostname="PalC-E470-PG00WJ6D" name="FALCA" tests="1" failures="1" timestamp="17 Sep 2019 07:56:20 GMT" time="29.447" errors="0">
  <testcase name="google" time="14.378" classname="Script.jenkin">
    <failure type="java.lang.AssertionError" message="expected [B] but found [Basavaraj Thilagar]">
      <![CDATA[java.lang.AssertionError: expected [B] but found [Basavaraj Thilagar]
	at POM.googleLoginPage.span(googleLoginPage.java:35)
	at Script.jenkin.google(jenkin.java:24)
... Removed 29 stack frames]]>
    </failure>
  </testcase> <!-- google -->
</testsuite> <!-- FALCA -->
